Total: 389 samples
     243  62.5%  62.5%      243  62.5% spinlock
     117  30.1%  92.5%      117  30.1% __strcmp_sse42
      15   3.9%  96.4%       76  19.5% SortedList_lookup
      13   3.3%  99.7%       70  18.0% SortedList_insert
       1   0.3% 100.0%        1   0.3% _init
       0   0.0% 100.0%      389 100.0% __clone
       0   0.0% 100.0%      389 100.0% start_thread
       0   0.0% 100.0%      389 100.0% thread_list
ROUTINE ====================== spinlock in /u/cs/ugrad/hsinping/CS111/lab2b/lab2_list.c
   243    243 Total samples (flat / cumulative)
     .      .   18: int opt_sync = 0;
     .      .   19: #define MUTE_SYNC	1
     .      .   20: #define SPIN_SYNC	2
     .      .   21: 
     .      .   22: //int universal = 0;
---
     .      .   23: void spinlock(int *lock){
     .      .   24:   int locked;
     .      .   25:   do{
     .      .   26:     //printf("Spin lock %i\n", lock);
   235    235   27:     locked = __sync_lock_test_and_set(lock, 1);
     8      8   28:   } while(locked);
     .      .   29: }
---
     .      .   30: 
     .      .   31: void spinunlock(int *lock){
     .      .   32:   __sync_lock_release(lock);
     .      .   33: }
     .      .   34: 
ROUTINE ====================== spinlock in /u/cs/ugrad/hsinping/CS111/lab2b/lab2_list.c
   243    243 Total samples (flat / cumulative)
     .      .   18: int opt_sync = 0;
     .      .   19: #define MUTE_SYNC	1
     .      .   20: #define SPIN_SYNC	2
     .      .   21: 
     .      .   22: //int universal = 0;
---
     .      .   23: void spinlock(int *lock){
     .      .   24:   int locked;
     .      .   25:   do{
     .      .   26:     //printf("Spin lock %i\n", lock);
   235    235   27:     locked = __sync_lock_test_and_set(lock, 1);
     8      8   28:   } while(locked);
     .      .   29: }
---
     .      .   30: 
     .      .   31: void spinunlock(int *lock){
     .      .   32:   __sync_lock_release(lock);
     .      .   33: }
     .      .   34: 
